<?xml version="1.0" encoding="UTF-8"?>
<testsuite name="com.aniwhere.server.adapter.in.web.CommunityControllerTest" tests="8" skipped="0" failures="0" errors="0" timestamp="2026-04-14T06:59:56" hostname="DESKTOP-U9K1AS9" time="10.185">
  <properties/>
  <testcase name="GET posts_{postId}_comments - 댓글 목록 조회()" classname="com.aniwhere.server.adapter.in.web.CommunityControllerTest" time="5.847"/>
  <testcase name="PUT posts_{id} - 게시글 수정()" classname="com.aniwhere.server.adapter.in.web.CommunityControllerTest" time="1.563"/>
  <testcase name="GET posts - 게시글 목록 조회()" classname="com.aniwhere.server.adapter.in.web.CommunityControllerTest" time="2.391"/>
  <testcase name="POST posts_{postId}_comments - 댓글 작성()" classname="com.aniwhere.server.adapter.in.web.CommunityControllerTest" time="0.081"/>
  <testcase name="POST posts - 게시글 작성()" classname="com.aniwhere.server.adapter.in.web.CommunityControllerTest" time="0.022"/>
  <testcase name="GET posts_{id} - 게시글 단건 조회()" classname="com.aniwhere.server.adapter.in.web.CommunityControllerTest" time="0.017"/>
  <testcase name="DELETE posts_{id} - 게시글 삭제()" classname="com.aniwhere.server.adapter.in.web.CommunityControllerTest" time="0.173"/>
  <testcase name="DELETE comments_{id} - 댓글 삭제()" classname="com.aniwhere.server.adapter.in.web.CommunityControllerTest" time="0.028"/>
  <system-out><![CDATA[15:59:28.364 [Test worker] INFO org.springframework.test.context.support.AnnotationConfigContextLoaderUtils -- Could not detect default configuration classes for test class [com.aniwhere.server.adapter.in.web.CommunityControllerTest]: CommunityControllerTest does not declare any static, non-private, non-final, nested classes annotated with @Configuration.
15:59:35.995 [Test worker] INFO org.springframework.boot.test.context.SpringBootTestContextBootstrapper -- Found @SpringBootConfiguration com.aniwhere.server.AniwhereServerApplication for test class com.aniwhere.server.adapter.in.web.CommunityControllerTest

  .   ____          _            __ _ _
 /\\ / ___'_ __ _ _(_)_ __  __ _ \ \ \ \
( ( )\___ | '_ | '_| | '_ \/ _` | \ \ \ \
 \\/  ___)| |_)| | | | | || (_| |  ) ) ) )
  '  |____| .__|_| |_|_| |_\__, | / / / /
 =========|_|==============|___/=/_/_/_/

 :: Spring Boot ::                (v3.3.5)

2026-04-14T15:59:41.001+09:00  INFO 902 --- [    Test worker] c.a.s.a.in.web.CommunityControllerTest   : Starting CommunityControllerTest using Java 17.0.18 with PID 902 (started by owner in /mnt/d/codebase/aniwhere/server)
2026-04-14T15:59:41.005+09:00  INFO 902 --- [    Test worker] c.a.s.a.in.web.CommunityControllerTest   : No active profile set, falling back to 1 default profile: "default"
2026-04-14T15:59:55.843+09:00  INFO 902 --- [    Test worker] o.s.b.t.m.w.SpringBootMockServletContext : Initializing Spring TestDispatcherServlet ''
2026-04-14T15:59:55.844+09:00  INFO 902 --- [    Test worker] o.s.t.web.servlet.TestDispatcherServlet  : Initializing Servlet ''
2026-04-14T15:59:55.851+09:00  INFO 902 --- [    Test worker] o.s.t.web.servlet.TestDispatcherServlet  : Completed initialization in 5 ms
2026-04-14T15:59:55.931+09:00  INFO 902 --- [    Test worker] c.a.s.a.in.web.CommunityControllerTest   : Started CommunityControllerTest in 18.519 seconds (process running for 31.151)
2026-04-14T16:00:05.766+09:00  WARN 902 --- [    Test worker] ration$PageModule$WarningLoggingModifier : Serializing PageImpl instances as-is is not supported, meaning that there is no guarantee about the stability of the resulting JSON structure!
	For a stable JSON structure, please use Spring Data's PagedModel (globally via @EnableSpringDataWebSupport(pageSerializationMode = VIA_DTO))
	or Spring HATEOAS and Spring Data's PagedResourcesAssembler as documented in https://docs.spring.io/spring-data/commons/reference/repositories/core-extensions.html#core.web.pageables.

]]></system-out>
  <system-err><![CDATA[]]></system-err>
</testsuite>
