<?xml version="1.0" encoding="UTF-8"?>
<testsuite name="com.aniwhere.server.domain.community.service.PostServiceTest" tests="6" skipped="0" failures="0" errors="0" timestamp="2026-04-14T07:00:12" hostname="DESKTOP-U9K1AS9" time="0.169">
  <properties/>
  <testcase name="createPost - 게시글 작성 성공()" classname="com.aniwhere.server.domain.community.service.PostServiceTest" time="0.016"/>
  <testcase name="listPosts - 페이징 조회()" classname="com.aniwhere.server.domain.community.service.PostServiceTest" time="0.016"/>
  <testcase name="deletePost - 게시글 삭제 성공()" classname="com.aniwhere.server.domain.community.service.PostServiceTest" time="0.055"/>
  <testcase name="updatePost - 게시글 수정 성공()" classname="com.aniwhere.server.domain.community.service.PostServiceTest" time="0.023"/>
  <testcase name="getPost - 존재하지 않는 게시글 조회시 예외()" classname="com.aniwhere.server.domain.community.service.PostServiceTest" time="0.037"/>
  <testcase name="getPost - 존재하는 게시글 조회 성공()" classname="com.aniwhere.server.domain.community.service.PostServiceTest" time="0.014"/>
  <system-out><![CDATA[]]></system-out>
  <system-err><![CDATA[]]></system-err>
</testsuite>
