<?xml version="1.0" encoding="UTF-8"?>
<testsuite name="com.aniwhere.server.domain.community.service.CommentServiceTest" tests="3" skipped="0" failures="0" errors="0" timestamp="2026-04-14T07:00:11" hostname="DESKTOP-U9K1AS9" time="0.177">
  <properties/>
  <testcase name="createComment - 댓글 작성 성공()" classname="com.aniwhere.server.domain.community.service.CommentServiceTest" time="0.125"/>
  <testcase name="listComments - 댓글 목록 조회()" classname="com.aniwhere.server.domain.community.service.CommentServiceTest" time="0.022"/>
  <testcase name="deleteComment - 댓글 삭제 성공()" classname="com.aniwhere.server.domain.community.service.CommentServiceTest" time="0.028"/>
  <system-out><![CDATA[]]></system-out>
  <system-err><![CDATA[]]></system-err>
</testsuite>
